<?xml version="1.0" encoding="UTF-8"?>
<testng-results skipped="0" failed="1" ignored="0" total="17" passed="16">
  <reporter-output>
  </reporter-output>
  <suite name="Default suite" duration-ms="49127" started-at="2017-08-31T10:40:00Z" finished-at="2017-08-31T10:40:49Z">
    <groups>
    </groups>
    <test name="Default test" duration-ms="49127" started-at="2017-08-31T10:40:00Z" finished-at="2017-08-31T10:40:49Z">
      <class name="keyworddrivenframework.NlproTest">
        <test-method status="PASS" signature="setUp()[pri:0, instance:keyworddrivenframework.NlproTest@d62f43]" name="setUp" is-config="true" duration-ms="950" started-at="2017-08-31T16:10:00Z" finished-at="2017-08-31T16:10:01Z">
          <reporter-output>
          </reporter-output>
        </test-method> <!-- setUp -->
        <test-method status="PASS" signature="performAction(java.lang.String, java.lang.String, java.lang.String)[pri:0, instance:keyworddrivenframework.NlproTest@d62f43]" name="performAction" duration-ms="7144" started-at="2017-08-31T16:10:01Z" data-provider="testdata" finished-at="2017-08-31T16:10:08Z">
          <params>
            <param index="0">
              <value>
                <![CDATA[NAVIGATE]]>
              </value>
            </param>
            <param index="1">
              <value>
                <![CDATA[]]>
              </value>
            </param>
            <param index="2">
              <value>
                <![CDATA[serverurl]]>
              </value>
            </param>
          </params>
          <reporter-output>
          </reporter-output>
        </test-method> <!-- performAction -->
        <test-method status="PASS" signature="writeResult(org.testng.ITestResult)[pri:0, instance:keyworddrivenframework.NlproTest@d62f43]" name="writeResult" is-config="true" duration-ms="623" started-at="2017-08-31T16:10:08Z" finished-at="2017-08-31T16:10:09Z">
          <params>
            <param index="0">
              <value>
                <![CDATA[[TestResult name=performAction status=SUCCESS method=NlproTest.performAction(java.lang.String, java.lang.String, java.lang.String)[pri:0, instance:keyworddrivenframework.NlproTest@d62f43] output={null}]]]>
              </value>
            </param>
          </params>
          <reporter-output>
          </reporter-output>
        </test-method> <!-- writeResult -->
        <test-method status="PASS" signature="performAction(java.lang.String, java.lang.String, java.lang.String)[pri:0, instance:keyworddrivenframework.NlproTest@d62f43]" name="performAction" duration-ms="5002" started-at="2017-08-31T16:10:09Z" data-provider="testdata" finished-at="2017-08-31T16:10:14Z">
          <params>
            <param index="0">
              <value>
                <![CDATA[WAIT]]>
              </value>
            </param>
            <param index="1">
              <value>
                <![CDATA[]]>
              </value>
            </param>
            <param index="2">
              <value>
                <![CDATA[]]>
              </value>
            </param>
          </params>
          <reporter-output>
          </reporter-output>
        </test-method> <!-- performAction -->
        <test-method status="PASS" signature="writeResult(org.testng.ITestResult)[pri:0, instance:keyworddrivenframework.NlproTest@d62f43]" name="writeResult" is-config="true" duration-ms="175" started-at="2017-08-31T16:10:14Z" finished-at="2017-08-31T16:10:14Z">
          <params>
            <param index="0">
              <value>
                <![CDATA[[TestResult name=performAction status=SUCCESS method=NlproTest.performAction(java.lang.String, java.lang.String, java.lang.String)[pri:0, instance:keyworddrivenframework.NlproTest@d62f43] output={null}]]]>
              </value>
            </param>
          </params>
          <reporter-output>
          </reporter-output>
        </test-method> <!-- writeResult -->
        <test-method status="PASS" signature="performAction(java.lang.String, java.lang.String, java.lang.String)[pri:0, instance:keyworddrivenframework.NlproTest@d62f43]" name="performAction" duration-ms="193" started-at="2017-08-31T16:10:14Z" data-provider="testdata" finished-at="2017-08-31T16:10:14Z">
          <params>
            <param index="0">
              <value>
                <![CDATA[UPLOADHTMLFILE]]>
              </value>
            </param>
            <param index="1">
              <value>
                <![CDATA[uploadhtml]]>
              </value>
            </param>
            <param index="2">
              <value>
                <![CDATA[htmlfiletoupload]]>
              </value>
            </param>
          </params>
          <reporter-output>
          </reporter-output>
        </test-method> <!-- performAction -->
        <test-method status="PASS" signature="writeResult(org.testng.ITestResult)[pri:0, instance:keyworddrivenframework.NlproTest@d62f43]" name="writeResult" is-config="true" duration-ms="307" started-at="2017-08-31T16:10:14Z" finished-at="2017-08-31T16:10:14Z">
          <params>
            <param index="0">
              <value>
                <![CDATA[[TestResult name=performAction status=SUCCESS method=NlproTest.performAction(java.lang.String, java.lang.String, java.lang.String)[pri:0, instance:keyworddrivenframework.NlproTest@d62f43] output={null}]]]>
              </value>
            </param>
          </params>
          <reporter-output>
          </reporter-output>
        </test-method> <!-- writeResult -->
        <test-method status="PASS" signature="performAction(java.lang.String, java.lang.String, java.lang.String)[pri:0, instance:keyworddrivenframework.NlproTest@d62f43]" name="performAction" duration-ms="5001" started-at="2017-08-31T16:10:14Z" data-provider="testdata" finished-at="2017-08-31T16:10:19Z">
          <params>
            <param index="0">
              <value>
                <![CDATA[WAIT]]>
              </value>
            </param>
            <param index="1">
              <value>
                <![CDATA[]]>
              </value>
            </param>
            <param index="2">
              <value>
                <![CDATA[]]>
              </value>
            </param>
          </params>
          <reporter-output>
          </reporter-output>
        </test-method> <!-- performAction -->
        <test-method status="PASS" signature="writeResult(org.testng.ITestResult)[pri:0, instance:keyworddrivenframework.NlproTest@d62f43]" name="writeResult" is-config="true" duration-ms="161" started-at="2017-08-31T16:10:19Z" finished-at="2017-08-31T16:10:20Z">
          <params>
            <param index="0">
              <value>
                <![CDATA[[TestResult name=performAction status=SUCCESS method=NlproTest.performAction(java.lang.String, java.lang.String, java.lang.String)[pri:0, instance:keyworddrivenframework.NlproTest@d62f43] output={null}]]]>
              </value>
            </param>
          </params>
          <reporter-output>
          </reporter-output>
        </test-method> <!-- writeResult -->
        <test-method status="PASS" signature="performAction(java.lang.String, java.lang.String, java.lang.String)[pri:0, instance:keyworddrivenframework.NlproTest@d62f43]" name="performAction" duration-ms="111" started-at="2017-08-31T16:10:20Z" data-provider="testdata" finished-at="2017-08-31T16:10:20Z">
          <params>
            <param index="0">
              <value>
                <![CDATA[VERIFYINDICATION]]>
              </value>
            </param>
            <param index="1">
              <value>
                <![CDATA[indicationtexttoverify]]>
              </value>
            </param>
            <param index="2">
              <value>
                <![CDATA[htmlextension]]>
              </value>
            </param>
          </params>
          <reporter-output>
          </reporter-output>
        </test-method> <!-- performAction -->
        <test-method status="PASS" signature="writeResult(org.testng.ITestResult)[pri:0, instance:keyworddrivenframework.NlproTest@d62f43]" name="writeResult" is-config="true" duration-ms="153" started-at="2017-08-31T16:10:20Z" finished-at="2017-08-31T16:10:20Z">
          <params>
            <param index="0">
              <value>
                <![CDATA[[TestResult name=performAction status=SUCCESS method=NlproTest.performAction(java.lang.String, java.lang.String, java.lang.String)[pri:0, instance:keyworddrivenframework.NlproTest@d62f43] output={null}]]]>
              </value>
            </param>
          </params>
          <reporter-output>
          </reporter-output>
        </test-method> <!-- writeResult -->
        <test-method status="PASS" signature="performAction(java.lang.String, java.lang.String, java.lang.String)[pri:0, instance:keyworddrivenframework.NlproTest@d62f43]" name="performAction" duration-ms="143" started-at="2017-08-31T16:10:20Z" data-provider="testdata" finished-at="2017-08-31T16:10:20Z">
          <params>
            <param index="0">
              <value>
                <![CDATA[CLOSEBROWSER]]>
              </value>
            </param>
            <param index="1">
              <value>
                <![CDATA[]]>
              </value>
            </param>
            <param index="2">
              <value>
                <![CDATA[]]>
              </value>
            </param>
          </params>
          <reporter-output>
          </reporter-output>
        </test-method> <!-- performAction -->
        <test-method status="PASS" signature="writeResult(org.testng.ITestResult)[pri:0, instance:keyworddrivenframework.NlproTest@d62f43]" name="writeResult" is-config="true" duration-ms="303" started-at="2017-08-31T16:10:20Z" finished-at="2017-08-31T16:10:20Z">
          <params>
            <param index="0">
              <value>
                <![CDATA[[TestResult name=performAction status=SUCCESS method=NlproTest.performAction(java.lang.String, java.lang.String, java.lang.String)[pri:0, instance:keyworddrivenframework.NlproTest@d62f43] output={null}]]]>
              </value>
            </param>
          </params>
          <reporter-output>
          </reporter-output>
        </test-method> <!-- writeResult -->
        <test-method status="PASS" signature="performAction(java.lang.String, java.lang.String, java.lang.String)[pri:0, instance:keyworddrivenframework.NlproTest@d62f43]" name="performAction" duration-ms="6020" started-at="2017-08-31T16:10:20Z" data-provider="testdata" finished-at="2017-08-31T16:10:26Z">
          <params>
            <param index="0">
              <value>
                <![CDATA[NAVIGATE]]>
              </value>
            </param>
            <param index="1">
              <value>
                <![CDATA[]]>
              </value>
            </param>
            <param index="2">
              <value>
                <![CDATA[serverurl]]>
              </value>
            </param>
          </params>
          <reporter-output>
          </reporter-output>
        </test-method> <!-- performAction -->
        <test-method status="PASS" signature="writeResult(org.testng.ITestResult)[pri:0, instance:keyworddrivenframework.NlproTest@d62f43]" name="writeResult" is-config="true" duration-ms="255" started-at="2017-08-31T16:10:26Z" finished-at="2017-08-31T16:10:27Z">
          <params>
            <param index="0">
              <value>
                <![CDATA[[TestResult name=performAction status=SUCCESS method=NlproTest.performAction(java.lang.String, java.lang.String, java.lang.String)[pri:0, instance:keyworddrivenframework.NlproTest@d62f43] output={null}]]]>
              </value>
            </param>
          </params>
          <reporter-output>
          </reporter-output>
        </test-method> <!-- writeResult -->
        <test-method status="PASS" signature="performAction(java.lang.String, java.lang.String, java.lang.String)[pri:0, instance:keyworddrivenframework.NlproTest@d62f43]" name="performAction" duration-ms="5002" started-at="2017-08-31T16:10:27Z" data-provider="testdata" finished-at="2017-08-31T16:10:32Z">
          <params>
            <param index="0">
              <value>
                <![CDATA[WAIT]]>
              </value>
            </param>
            <param index="1">
              <value>
                <![CDATA[]]>
              </value>
            </param>
            <param index="2">
              <value>
                <![CDATA[]]>
              </value>
            </param>
          </params>
          <reporter-output>
          </reporter-output>
        </test-method> <!-- performAction -->
        <test-method status="PASS" signature="writeResult(org.testng.ITestResult)[pri:0, instance:keyworddrivenframework.NlproTest@d62f43]" name="writeResult" is-config="true" duration-ms="156" started-at="2017-08-31T16:10:32Z" finished-at="2017-08-31T16:10:32Z">
          <params>
            <param index="0">
              <value>
                <![CDATA[[TestResult name=performAction status=SUCCESS method=NlproTest.performAction(java.lang.String, java.lang.String, java.lang.String)[pri:0, instance:keyworddrivenframework.NlproTest@d62f43] output={null}]]]>
              </value>
            </param>
          </params>
          <reporter-output>
          </reporter-output>
        </test-method> <!-- writeResult -->
        <test-method status="PASS" signature="performAction(java.lang.String, java.lang.String, java.lang.String)[pri:0, instance:keyworddrivenframework.NlproTest@d62f43]" name="performAction" duration-ms="207" started-at="2017-08-31T16:10:32Z" data-provider="testdata" finished-at="2017-08-31T16:10:32Z">
          <params>
            <param index="0">
              <value>
                <![CDATA[CLICK]]>
              </value>
            </param>
            <param index="1">
              <value>
                <![CDATA[clicktwitterfeedbutton]]>
              </value>
            </param>
            <param index="2">
              <value>
                <![CDATA[]]>
              </value>
            </param>
          </params>
          <reporter-output>
          </reporter-output>
        </test-method> <!-- performAction -->
        <test-method status="PASS" signature="writeResult(org.testng.ITestResult)[pri:0, instance:keyworddrivenframework.NlproTest@d62f43]" name="writeResult" is-config="true" duration-ms="221" started-at="2017-08-31T16:10:32Z" finished-at="2017-08-31T16:10:32Z">
          <params>
            <param index="0">
              <value>
                <![CDATA[[TestResult name=performAction status=SUCCESS method=NlproTest.performAction(java.lang.String, java.lang.String, java.lang.String)[pri:0, instance:keyworddrivenframework.NlproTest@d62f43] output={null}]]]>
              </value>
            </param>
          </params>
          <reporter-output>
          </reporter-output>
        </test-method> <!-- writeResult -->
        <test-method status="PASS" signature="performAction(java.lang.String, java.lang.String, java.lang.String)[pri:0, instance:keyworddrivenframework.NlproTest@d62f43]" name="performAction" duration-ms="5001" started-at="2017-08-31T16:10:32Z" data-provider="testdata" finished-at="2017-08-31T16:10:37Z">
          <params>
            <param index="0">
              <value>
                <![CDATA[WAIT]]>
              </value>
            </param>
            <param index="1">
              <value>
                <![CDATA[]]>
              </value>
            </param>
            <param index="2">
              <value>
                <![CDATA[]]>
              </value>
            </param>
          </params>
          <reporter-output>
          </reporter-output>
        </test-method> <!-- performAction -->
        <test-method status="PASS" signature="writeResult(org.testng.ITestResult)[pri:0, instance:keyworddrivenframework.NlproTest@d62f43]" name="writeResult" is-config="true" duration-ms="138" started-at="2017-08-31T16:10:37Z" finished-at="2017-08-31T16:10:37Z">
          <params>
            <param index="0">
              <value>
                <![CDATA[[TestResult name=performAction status=SUCCESS method=NlproTest.performAction(java.lang.String, java.lang.String, java.lang.String)[pri:0, instance:keyworddrivenframework.NlproTest@d62f43] output={null}]]]>
              </value>
            </param>
          </params>
          <reporter-output>
          </reporter-output>
        </test-method> <!-- writeResult -->
        <test-method status="PASS" signature="performAction(java.lang.String, java.lang.String, java.lang.String)[pri:0, instance:keyworddrivenframework.NlproTest@d62f43]" name="performAction" duration-ms="23" started-at="2017-08-31T16:10:37Z" data-provider="testdata" finished-at="2017-08-31T16:10:37Z">
          <params>
            <param index="0">
              <value>
                <![CDATA[SWITCHTO]]>
              </value>
            </param>
            <param index="1">
              <value>
                <![CDATA[]]>
              </value>
            </param>
            <param index="2">
              <value>
                <![CDATA[]]>
              </value>
            </param>
          </params>
          <reporter-output>
          </reporter-output>
        </test-method> <!-- performAction -->
        <test-method status="PASS" signature="writeResult(org.testng.ITestResult)[pri:0, instance:keyworddrivenframework.NlproTest@d62f43]" name="writeResult" is-config="true" duration-ms="148" started-at="2017-08-31T16:10:37Z" finished-at="2017-08-31T16:10:37Z">
          <params>
            <param index="0">
              <value>
                <![CDATA[[TestResult name=performAction status=SUCCESS method=NlproTest.performAction(java.lang.String, java.lang.String, java.lang.String)[pri:0, instance:keyworddrivenframework.NlproTest@d62f43] output={null}]]]>
              </value>
            </param>
          </params>
          <reporter-output>
          </reporter-output>
        </test-method> <!-- writeResult -->
        <test-method status="PASS" signature="performAction(java.lang.String, java.lang.String, java.lang.String)[pri:0, instance:keyworddrivenframework.NlproTest@d62f43]" name="performAction" duration-ms="176" started-at="2017-08-31T16:10:37Z" data-provider="testdata" finished-at="2017-08-31T16:10:38Z">
          <params>
            <param index="0">
              <value>
                <![CDATA[CLICK]]>
              </value>
            </param>
            <param index="1">
              <value>
                <![CDATA[hashtagcheckbox]]>
              </value>
            </param>
            <param index="2">
              <value>
                <![CDATA[]]>
              </value>
            </param>
          </params>
          <reporter-output>
          </reporter-output>
        </test-method> <!-- performAction -->
        <test-method status="PASS" signature="writeResult(org.testng.ITestResult)[pri:0, instance:keyworddrivenframework.NlproTest@d62f43]" name="writeResult" is-config="true" duration-ms="227" started-at="2017-08-31T16:10:38Z" finished-at="2017-08-31T16:10:38Z">
          <params>
            <param index="0">
              <value>
                <![CDATA[[TestResult name=performAction status=SUCCESS method=NlproTest.performAction(java.lang.String, java.lang.String, java.lang.String)[pri:0, instance:keyworddrivenframework.NlproTest@d62f43] output={null}]]]>
              </value>
            </param>
          </params>
          <reporter-output>
          </reporter-output>
        </test-method> <!-- writeResult -->
        <test-method status="PASS" signature="performAction(java.lang.String, java.lang.String, java.lang.String)[pri:0, instance:keyworddrivenframework.NlproTest@d62f43]" name="performAction" duration-ms="5001" started-at="2017-08-31T16:10:38Z" data-provider="testdata" finished-at="2017-08-31T16:10:43Z">
          <params>
            <param index="0">
              <value>
                <![CDATA[WAIT]]>
              </value>
            </param>
            <param index="1">
              <value>
                <![CDATA[]]>
              </value>
            </param>
            <param index="2">
              <value>
                <![CDATA[]]>
              </value>
            </param>
          </params>
          <reporter-output>
          </reporter-output>
        </test-method> <!-- performAction -->
        <test-method status="PASS" signature="writeResult(org.testng.ITestResult)[pri:0, instance:keyworddrivenframework.NlproTest@d62f43]" name="writeResult" is-config="true" duration-ms="164" started-at="2017-08-31T16:10:43Z" finished-at="2017-08-31T16:10:43Z">
          <params>
            <param index="0">
              <value>
                <![CDATA[[TestResult name=performAction status=SUCCESS method=NlproTest.performAction(java.lang.String, java.lang.String, java.lang.String)[pri:0, instance:keyworddrivenframework.NlproTest@d62f43] output={null}]]]>
              </value>
            </param>
          </params>
          <reporter-output>
          </reporter-output>
        </test-method> <!-- writeResult -->
        <test-method status="FAIL" signature="performAction(java.lang.String, java.lang.String, java.lang.String)[pri:0, instance:keyworddrivenframework.NlproTest@d62f43]" name="performAction" duration-ms="71" started-at="2017-08-31T16:10:43Z" data-provider="testdata" finished-at="2017-08-31T16:10:43Z">
          <params>
            <param index="0">
              <value>
                <![CDATA[SENDKEYS]]>
              </value>
            </param>
            <param index="1">
              <value>
                <![CDATA[hashtaginput]]>
              </value>
            </param>
            <param index="2">
              <value>
                <![CDATA[multiplehashtaginputtext]]>
              </value>
            </param>
          </params>
          <exception class="org.openqa.selenium.NoSuchElementException">
            <message>
              <![CDATA[no such element: Unable to locate element: {"method":"xpath","selector":".//*[@id='hastagValue']"}
  (Session info: chrome=60.0.3112.113)
  (Driver info: chromedriver=2.30.477700 (0057494ad8732195794a7b32078424f92a5fce41),platform=Windows NT 6.1.7601 SP1 x86_64) (WARNING: The server did not provide any stacktrace information)
Command duration or timeout: 68 milliseconds
For documentation on this error, please visit: http://seleniumhq.org/exceptions/no_such_element.html
Build info: version: 'unknown', revision: 'unknown', time: 'unknown'
System info: host: 'RAMESH-RN', ip: '10.20.3.26', os.name: 'Windows 7', os.arch: 'x86', os.version: '6.1', java.version: '1.8.0_40'
Driver info: org.openqa.selenium.chrome.ChromeDriver
Capabilities [{applicationCacheEnabled=false, rotatable=false, mobileEmulationEnabled=false, networkConnectionEnabled=false, chrome={chromedriverVersion=2.30.477700 (0057494ad8732195794a7b32078424f92a5fce41), userDataDir=C:\Users\RANGAR~1\AppData\Local\Temp\scoped_dir15940_27315}, takesHeapSnapshot=true, pageLoadStrategy=normal, databaseEnabled=false, handlesAlerts=true, hasTouchScreen=false, version=60.0.3112.113, platform=XP, browserConnectionEnabled=false, nativeEvents=true, acceptSslCerts=true, locationContextEnabled=true, webStorageEnabled=true, browserName=chrome, takesScreenshot=true, javascriptEnabled=true, cssSelectorsEnabled=true, unexpectedAlertBehaviour=}]
Session ID: 9d42f93cbe5de329c917563c34d64b69
*** Element info: {Using=xpath, value=.//*[@id='hastagValue']}]]>
            </message>
            <full-stacktrace>
              <![CDATA[org.openqa.selenium.NoSuchElementException: no such element: Unable to locate element: {"method":"xpath","selector":".//*[@id='hastagValue']"}
  (Session info: chrome=60.0.3112.113)
  (Driver info: chromedriver=2.30.477700 (0057494ad8732195794a7b32078424f92a5fce41),platform=Windows NT 6.1.7601 SP1 x86_64) (WARNING: The server did not provide any stacktrace information)
Command duration or timeout: 68 milliseconds
For documentation on this error, please visit: http://seleniumhq.org/exceptions/no_such_element.html
Build info: version: 'unknown', revision: 'unknown', time: 'unknown'
System info: host: 'RAMESH-RN', ip: '10.20.3.26', os.name: 'Windows 7', os.arch: 'x86', os.version: '6.1', java.version: '1.8.0_40'
Driver info: org.openqa.selenium.chrome.ChromeDriver
Capabilities [{applicationCacheEnabled=false, rotatable=false, mobileEmulationEnabled=false, networkConnectionEnabled=false, chrome={chromedriverVersion=2.30.477700 (0057494ad8732195794a7b32078424f92a5fce41), userDataDir=C:\Users\RANGAR~1\AppData\Local\Temp\scoped_dir15940_27315}, takesHeapSnapshot=true, pageLoadStrategy=normal, databaseEnabled=false, handlesAlerts=true, hasTouchScreen=false, version=60.0.3112.113, platform=XP, browserConnectionEnabled=false, nativeEvents=true, acceptSslCerts=true, locationContextEnabled=true, webStorageEnabled=true, browserName=chrome, takesScreenshot=true, javascriptEnabled=true, cssSelectorsEnabled=true, unexpectedAlertBehaviour=}]
Session ID: 9d42f93cbe5de329c917563c34d64b69
*** Element info: {Using=xpath, value=.//*[@id='hastagValue']}
	at sun.reflect.NativeConstructorAccessorImpl.newInstance0(Native Method)
	at sun.reflect.NativeConstructorAccessorImpl.newInstance(Unknown Source)
	at sun.reflect.DelegatingConstructorAccessorImpl.newInstance(Unknown Source)
	at java.lang.reflect.Constructor.newInstance(Unknown Source)
	at org.openqa.selenium.remote.ErrorHandler.createThrowable(ErrorHandler.java:215)
	at org.openqa.selenium.remote.ErrorHandler.throwIfResponseFailed(ErrorHandler.java:167)
	at org.openqa.selenium.remote.RemoteWebDriver.execute(RemoteWebDriver.java:671)
	at org.openqa.selenium.remote.RemoteWebDriver.findElement(RemoteWebDriver.java:410)
	at org.openqa.selenium.remote.RemoteWebDriver.findElementByXPath(RemoteWebDriver.java:509)
	at org.openqa.selenium.By$ByXPath.findElement(By.java:361)
	at org.openqa.selenium.remote.RemoteWebDriver.findElement(RemoteWebDriver.java:402)
	at keyworddrivenframework.NlproTest.performAction(NlproTest.java:236)
	at sun.reflect.NativeMethodAccessorImpl.invoke0(Native Method)
	at sun.reflect.NativeMethodAccessorImpl.invoke(Unknown Source)
	at sun.reflect.DelegatingMethodAccessorImpl.invoke(Unknown Source)
	at java.lang.reflect.Method.invoke(Unknown Source)
	at org.testng.internal.MethodInvocationHelper.invokeMethod(MethodInvocationHelper.java:108)
	at org.testng.internal.Invoker.invokeMethod(Invoker.java:661)
	at org.testng.internal.Invoker.invokeTestMethod(Invoker.java:869)
	at org.testng.internal.Invoker.invokeTestMethods(Invoker.java:1193)
	at org.testng.internal.TestMethodWorker.invokeTestMethods(TestMethodWorker.java:126)
	at org.testng.internal.TestMethodWorker.run(TestMethodWorker.java:109)
	at org.testng.TestRunner.privateRun(TestRunner.java:744)
	at org.testng.TestRunner.run(TestRunner.java:602)
	at org.testng.SuiteRunner.runTest(SuiteRunner.java:380)
	at org.testng.SuiteRunner.runSequentially(SuiteRunner.java:375)
	at org.testng.SuiteRunner.privateRun(SuiteRunner.java:340)
	at org.testng.SuiteRunner.run(SuiteRunner.java:289)
	at org.testng.SuiteRunnerWorker.runSuite(SuiteRunnerWorker.java:52)
	at org.testng.SuiteRunnerWorker.run(SuiteRunnerWorker.java:86)
	at org.testng.TestNG.runSuitesSequentially(TestNG.java:1301)
	at org.testng.TestNG.runSuitesLocally(TestNG.java:1226)
	at org.testng.TestNG.runSuites(TestNG.java:1144)
	at org.testng.TestNG.run(TestNG.java:1115)
	at org.testng.remote.AbstractRemoteTestNG.run(AbstractRemoteTestNG.java:132)
	at org.testng.remote.RemoteTestNG.initAndRun(RemoteTestNG.java:230)
	at org.testng.remote.RemoteTestNG.main(RemoteTestNG.java:76)
]]>
            </full-stacktrace>
          </exception> <!-- org.openqa.selenium.NoSuchElementException -->
          <reporter-output>
          </reporter-output>
        </test-method> <!-- performAction -->
        <test-method status="PASS" signature="writeResult(org.testng.ITestResult)[pri:0, instance:keyworddrivenframework.NlproTest@d62f43]" name="writeResult" is-config="true" duration-ms="153" started-at="2017-08-31T16:10:43Z" finished-at="2017-08-31T16:10:43Z">
          <params>
            <param index="0">
              <value>
                <![CDATA[[TestResult name=performAction status=FAILURE method=NlproTest.performAction(java.lang.String, java.lang.String, java.lang.String)[pri:0, instance:keyworddrivenframework.NlproTest@d62f43] output={null}]]]>
              </value>
            </param>
          </params>
          <reporter-output>
          </reporter-output>
        </test-method> <!-- writeResult -->
        <test-method status="PASS" signature="performAction(java.lang.String, java.lang.String, java.lang.String)[pri:0, instance:keyworddrivenframework.NlproTest@d62f43]" name="performAction" duration-ms="72" started-at="2017-08-31T16:10:43Z" data-provider="testdata" finished-at="2017-08-31T16:10:43Z">
          <params>
            <param index="0">
              <value>
                <![CDATA[CLICK]]>
              </value>
            </param>
            <param index="1">
              <value>
                <![CDATA[clickgetfeedsbutton]]>
              </value>
            </param>
            <param index="2">
              <value>
                <![CDATA[]]>
              </value>
            </param>
          </params>
          <reporter-output>
          </reporter-output>
        </test-method> <!-- performAction -->
        <test-method status="PASS" signature="writeResult(org.testng.ITestResult)[pri:0, instance:keyworddrivenframework.NlproTest@d62f43]" name="writeResult" is-config="true" duration-ms="132" started-at="2017-08-31T16:10:43Z" finished-at="2017-08-31T16:10:43Z">
          <params>
            <param index="0">
              <value>
                <![CDATA[[TestResult name=performAction status=SUCCESS method=NlproTest.performAction(java.lang.String, java.lang.String, java.lang.String)[pri:0, instance:keyworddrivenframework.NlproTest@d62f43] output={null}]]]>
              </value>
            </param>
          </params>
          <reporter-output>
          </reporter-output>
        </test-method> <!-- writeResult -->
        <test-method status="PASS" signature="performAction(java.lang.String, java.lang.String, java.lang.String)[pri:0, instance:keyworddrivenframework.NlproTest@d62f43]" name="performAction" duration-ms="5001" started-at="2017-08-31T16:10:43Z" data-provider="testdata" finished-at="2017-08-31T16:10:48Z">
          <params>
            <param index="0">
              <value>
                <![CDATA[WAIT]]>
              </value>
            </param>
            <param index="1">
              <value>
                <![CDATA[]]>
              </value>
            </param>
            <param index="2">
              <value>
                <![CDATA[]]>
              </value>
            </param>
          </params>
          <reporter-output>
          </reporter-output>
        </test-method> <!-- performAction -->
        <test-method status="PASS" signature="writeResult(org.testng.ITestResult)[pri:0, instance:keyworddrivenframework.NlproTest@d62f43]" name="writeResult" is-config="true" duration-ms="186" started-at="2017-08-31T16:10:48Z" finished-at="2017-08-31T16:10:49Z">
          <params>
            <param index="0">
              <value>
                <![CDATA[[TestResult name=performAction status=SUCCESS method=NlproTest.performAction(java.lang.String, java.lang.String, java.lang.String)[pri:0, instance:keyworddrivenframework.NlproTest@d62f43] output={null}]]]>
              </value>
            </param>
          </params>
          <reporter-output>
          </reporter-output>
        </test-method> <!-- writeResult -->
        <test-method status="PASS" signature="performAction(java.lang.String, java.lang.String, java.lang.String)[pri:0, instance:keyworddrivenframework.NlproTest@d62f43]" name="performAction" duration-ms="184" started-at="2017-08-31T16:10:49Z" data-provider="testdata" finished-at="2017-08-31T16:10:49Z">
          <params>
            <param index="0">
              <value>
                <![CDATA[CLOSEBROWSER]]>
              </value>
            </param>
            <param index="1">
              <value>
                <![CDATA[]]>
              </value>
            </param>
            <param index="2">
              <value>
                <![CDATA[]]>
              </value>
            </param>
          </params>
          <reporter-output>
          </reporter-output>
        </test-method> <!-- performAction -->
        <test-method status="PASS" signature="writeResult(org.testng.ITestResult)[pri:0, instance:keyworddrivenframework.NlproTest@d62f43]" name="writeResult" is-config="true" duration-ms="207" started-at="2017-08-31T16:10:49Z" finished-at="2017-08-31T16:10:49Z">
          <params>
            <param index="0">
              <value>
                <![CDATA[[TestResult name=performAction status=SUCCESS method=NlproTest.performAction(java.lang.String, java.lang.String, java.lang.String)[pri:0, instance:keyworddrivenframework.NlproTest@d62f43] output={null}]]]>
              </value>
            </param>
          </params>
          <reporter-output>
          </reporter-output>
        </test-method> <!-- writeResult -->
      </class> <!-- keyworddrivenframework.NlproTest -->
    </test> <!-- Default test -->
  </suite> <!-- Default suite -->
</testng-results>
